[2025-11-07T10:00:53.838Z] ℹ️ [orchestrator] Logger initialized
   Data: {
     "sessionId": "scraper_1762509653838"
   }
[2025-11-07T10:00:53.838Z] ℹ️ [orchestrator] Initializing ScraperOrchestrator
[2025-11-07T10:00:53.839Z] ℹ️ [runAll] Starting scraping orchestration
   Data: {
     "testMode": true,
     "mode": "new",
     "sourceFilter": "all",
     "logPath": "/Users/numanaydar/Desktop/procheff-v2/logs/orchestrator/scraper_1762509653838_2025-11-07T10-00-53-838Z.log"
   }
[2025-11-07T10:00:53.840Z] ℹ️ [runAll] Processing 3 scraper(s)
   Data: {
     "scrapers": [
       "ihalebul",
       "ilan_gov",
       "ihale_takip"
     ]
   }
[2025-11-07T10:00:53.840Z] ℹ️ [ihalebul] Starting scraper: İhalebul.com
[2025-11-07T10:01:29.022Z] ℹ️ [ihalebul] Scraping completed (35182ms)
   Data: {
     "success": true,
     "totalScraped": 0,
     "errors": 0
   }
[2025-11-07T10:01:29.023Z] ℹ️ [ihalebul] Database save completed (1ms)
   Data: {
     "newTenders": 0
   }
[2025-11-07T10:01:29.243Z] ✅ [ihalebul] Pipeline completed successfully
   Data: {
     "totalScraped": 0,
     "newTenders": 0
   }
[2025-11-07T10:01:29.244Z] ℹ️ [ilan_gov] Starting scraper: İlan.gov.tr (Resmi Basın İlan Kurumu)
[2025-11-07T10:02:29.608Z] ℹ️ [ilan_gov] Scraping completed (60364ms)
   Data: {
     "success": true,
     "totalScraped": 0,
     "errors": 0
   }
[2025-11-07T10:02:29.608Z] ℹ️ [ilan_gov] Database save completed
   Data: {
     "newTenders": 0
   }
[2025-11-07T10:02:30.369Z] ✅ [ilan_gov] Pipeline completed successfully
   Data: {
     "totalScraped": 0,
     "newTenders": 0
   }
[2025-11-07T10:02:30.370Z] ℹ️ [ihale_takip] Starting scraper: İhaleTakip.com.tr
[2025-11-07T10:02:30.372Z] ⚠️ [ihale_takip] Scraper not implemented
[2025-11-07T10:02:30.373Z] ℹ️ [runAll] All scrapers completed (96534ms)
   Data: {
     "totalNew": 0,
     "totalCatering": 0,
     "successfulScrapers": 2,
     "failedScrapers": 0
   }
